<?xml version="1.0" encoding="UTF-8"?>
<!-- Generated by org.testng.reporters.JUnitXMLReporter -->
<testsuite hostname="Ashan" ignored="0" name="chromeTest" tests="9" failures="1" timestamp="2020-09-04T13:08:45 IST" time="187.24" errors="0">
  <testcase name="loginTest" time="13.317" classname="app.nopcommerce.testCases.TC_001_LoginTest"/>
  <testcase name="DataDrivenLogin_loguot" time="48.7" classname="app.nopcommerce.testCases.TC_002_DataDrivenTest_Login_with_Fillo"/>
  <testcase name="addNewCustomer" time="29.853" classname="app.nopcommerce.testCases.TC_003_AddCustomerTest"/>
  <testcase name="searchCustomerbyEmail" time="11.408" classname="app.nopcommerce.testCases.TC_004_SearchCustomerByEmail"/>
  <testcase name="searchCustomerbyName" time="15.171" classname="app.nopcommerce.testCases.TC_005_SearchCustomerByName">
    <failure type="java.lang.AssertionError" message="expected [true] but found [false]">
      <![CDATA[java.lang.AssertionError: expected [true] but found [false]
at app.nopcommerce.testCases.TC_005_SearchCustomerByName.searchCustomerbyName(TC_005_SearchCustomerByName.java:46)
at java.util.ArrayList.forEach(ArrayList.java:1257)
... Removed 31 stack frames]]>
    </failure>
  </testcase> <!-- searchCustomerbyName -->
  <testcase name="loginTest" time="18.201" classname="app.nopcommerce.testCases.TC_006_LoginDDT_with_Apachi_poi"/>
  <testcase name="loginTest" time="7.456" classname="app.nopcommerce.testCases.TC_006_LoginDDT_with_Apachi_poi"/>
  <testcase name="loginTest" time="8.261" classname="app.nopcommerce.testCases.TC_006_LoginDDT_with_Apachi_poi"/>
  <testcase name="loginTest" time="7.382" classname="app.nopcommerce.testCases.TC_006_LoginDDT_with_Apachi_poi"/>
</testsuite> <!-- chromeTest -->
