<?xml version="1.0" encoding="UTF-8"?>
<testng-results skipped="0" failed="1" ignored="0" total="9" passed="8">
  <reporter-output>
  </reporter-output>
  <suite name="nopCommerceApp" duration-ms="187240" started-at="2020-09-04T13:05:38 IST" finished-at="2020-09-04T13:08:45 IST">
    <groups>
    </groups>
    <test name="chromeTest" duration-ms="187240" started-at="2020-09-04T13:05:38 IST" finished-at="2020-09-04T13:08:45 IST">
      <class name="app.nopcommerce.testCases.TC_002_DataDrivenTest_Login_with_Fillo">
        <test-method status="PASS" signature="setup(java.lang.String)[pri:0, instance:app.nopcommerce.testCases.TC_002_DataDrivenTest_Login_with_Fillo@f2ff811]" name="setup" is-config="true" duration-ms="3499" started-at="2020-09-04T13:05:57 IST" finished-at="2020-09-04T13:06:00 IST">
          <params>
            <param index="0">
              <value>
                <![CDATA[chrome]]>
              </value>
            </param>
          </params>
          <reporter-output>
          </reporter-output>
        </test-method> <!-- setup -->
        <test-method status="PASS" signature="DataDrivenLogin_loguot()[pri:0, instance:app.nopcommerce.testCases.TC_002_DataDrivenTest_Login_with_Fillo@f2ff811]" name="DataDrivenLogin_loguot" duration-ms="48700" started-at="2020-09-04T13:06:00 IST" finished-at="2020-09-04T13:06:49 IST">
          <reporter-output>
          </reporter-output>
        </test-method> <!-- DataDrivenLogin_loguot -->
        <test-method status="PASS" signature="tearDown()[pri:0, instance:app.nopcommerce.testCases.TC_002_DataDrivenTest_Login_with_Fillo@f2ff811]" name="tearDown" is-config="true" duration-ms="715" started-at="2020-09-04T13:06:49 IST" finished-at="2020-09-04T13:06:50 IST">
          <reporter-output>
          </reporter-output>
        </test-method> <!-- tearDown -->
      </class> <!-- app.nopcommerce.testCases.TC_002_DataDrivenTest_Login_with_Fillo -->
      <class name="app.nopcommerce.testCases.TC_001_LoginTest">
        <test-method status="PASS" signature="setup(java.lang.String)[pri:0, instance:app.nopcommerce.testCases.TC_001_LoginTest@65b3f4a4]" name="setup" is-config="true" duration-ms="4628" started-at="2020-09-04T13:05:38 IST" finished-at="2020-09-04T13:05:43 IST">
          <params>
            <param index="0">
              <value>
                <![CDATA[chrome]]>
              </value>
            </param>
          </params>
          <reporter-output>
          </reporter-output>
        </test-method> <!-- setup -->
        <test-method status="PASS" signature="loginTest()[pri:0, instance:app.nopcommerce.testCases.TC_001_LoginTest@65b3f4a4]" name="loginTest" duration-ms="13317" started-at="2020-09-04T13:05:43 IST" finished-at="2020-09-04T13:05:56 IST">
          <reporter-output>
          </reporter-output>
        </test-method> <!-- loginTest -->
        <test-method status="PASS" signature="tearDown()[pri:0, instance:app.nopcommerce.testCases.TC_001_LoginTest@65b3f4a4]" name="tearDown" is-config="true" duration-ms="637" started-at="2020-09-04T13:05:56 IST" finished-at="2020-09-04T13:05:57 IST">
          <reporter-output>
          </reporter-output>
        </test-method> <!-- tearDown -->
      </class> <!-- app.nopcommerce.testCases.TC_001_LoginTest -->
      <class name="app.nopcommerce.testCases.TC_004_SearchCustomerByEmail">
        <test-method status="PASS" signature="setup(java.lang.String)[pri:0, instance:app.nopcommerce.testCases.TC_004_SearchCustomerByEmail@50caa560]" name="setup" is-config="true" duration-ms="3638" started-at="2020-09-04T13:07:24 IST" finished-at="2020-09-04T13:07:28 IST">
          <params>
            <param index="0">
              <value>
                <![CDATA[chrome]]>
              </value>
            </param>
          </params>
          <reporter-output>
          </reporter-output>
        </test-method> <!-- setup -->
        <test-method status="PASS" signature="searchCustomerbyEmail()[pri:0, instance:app.nopcommerce.testCases.TC_004_SearchCustomerByEmail@50caa560]" name="searchCustomerbyEmail" duration-ms="11408" started-at="2020-09-04T13:07:28 IST" finished-at="2020-09-04T13:07:39 IST">
          <reporter-output>
          </reporter-output>
        </test-method> <!-- searchCustomerbyEmail -->
        <test-method status="PASS" signature="tearDown()[pri:0, instance:app.nopcommerce.testCases.TC_004_SearchCustomerByEmail@50caa560]" name="tearDown" is-config="true" duration-ms="708" started-at="2020-09-04T13:07:39 IST" finished-at="2020-09-04T13:07:40 IST">
          <reporter-output>
          </reporter-output>
        </test-method> <!-- tearDown -->
      </class> <!-- app.nopcommerce.testCases.TC_004_SearchCustomerByEmail -->
      <class name="app.nopcommerce.testCases.TC_006_LoginDDT_with_Apachi_poi">
        <test-method status="PASS" signature="setup(java.lang.String)[pri:0, instance:app.nopcommerce.testCases.TC_006_LoginDDT_with_Apachi_poi@5ab9e72c]" name="setup" is-config="true" duration-ms="3450" started-at="2020-09-04T13:07:59 IST" finished-at="2020-09-04T13:08:03 IST">
          <params>
            <param index="0">
              <value>
                <![CDATA[chrome]]>
              </value>
            </param>
          </params>
          <reporter-output>
          </reporter-output>
        </test-method> <!-- setup -->
        <test-method status="PASS" signature="loginTest(java.lang.String, java.lang.String, java.lang.String)[pri:0, instance:app.nopcommerce.testCases.TC_006_LoginDDT_with_Apachi_poi@5ab9e72c]" name="loginTest" duration-ms="18201" started-at="2020-09-04T13:08:03 IST" data-provider="LoginData" finished-at="2020-09-04T13:08:21 IST">
          <params>
            <param index="0">
              <value>
                <![CDATA[admin@yourstore.com ]]>
              </value>
            </param>
            <param index="1">
              <value>
                <![CDATA[admin]]>
              </value>
            </param>
            <param index="2">
              <value>
                <![CDATA[Pass]]>
              </value>
            </param>
          </params>
          <reporter-output>
          </reporter-output>
        </test-method> <!-- loginTest -->
        <test-method status="PASS" signature="loginTest(java.lang.String, java.lang.String, java.lang.String)[pri:0, instance:app.nopcommerce.testCases.TC_006_LoginDDT_with_Apachi_poi@5ab9e72c]" name="loginTest" duration-ms="7456" started-at="2020-09-04T13:08:21 IST" data-provider="LoginData" finished-at="2020-09-04T13:08:29 IST">
          <params>
            <param index="0">
              <value>
                <![CDATA[admin@yourstore.com ]]>
              </value>
            </param>
            <param index="1">
              <value>
                <![CDATA[adm]]>
              </value>
            </param>
            <param index="2">
              <value>
                <![CDATA[Fail]]>
              </value>
            </param>
          </params>
          <reporter-output>
          </reporter-output>
        </test-method> <!-- loginTest -->
        <test-method status="PASS" signature="loginTest(java.lang.String, java.lang.String, java.lang.String)[pri:0, instance:app.nopcommerce.testCases.TC_006_LoginDDT_with_Apachi_poi@5ab9e72c]" name="loginTest" duration-ms="8261" started-at="2020-09-04T13:08:29 IST" data-provider="LoginData" finished-at="2020-09-04T13:08:37 IST">
          <params>
            <param index="0">
              <value>
                <![CDATA[adm@yourstore.com]]>
              </value>
            </param>
            <param index="1">
              <value>
                <![CDATA[admin]]>
              </value>
            </param>
            <param index="2">
              <value>
                <![CDATA[Fail]]>
              </value>
            </param>
          </params>
          <reporter-output>
          </reporter-output>
        </test-method> <!-- loginTest -->
        <test-method status="PASS" signature="loginTest(java.lang.String, java.lang.String, java.lang.String)[pri:0, instance:app.nopcommerce.testCases.TC_006_LoginDDT_with_Apachi_poi@5ab9e72c]" name="loginTest" duration-ms="7382" started-at="2020-09-04T13:08:37 IST" data-provider="LoginData" finished-at="2020-09-04T13:08:44 IST">
          <params>
            <param index="0">
              <value>
                <![CDATA[adm@yourstore.com]]>
              </value>
            </param>
            <param index="1">
              <value>
                <![CDATA[adm]]>
              </value>
            </param>
            <param index="2">
              <value>
                <![CDATA[Fail]]>
              </value>
            </param>
          </params>
          <reporter-output>
          </reporter-output>
        </test-method> <!-- loginTest -->
        <test-method status="PASS" signature="tearDown()[pri:0, instance:app.nopcommerce.testCases.TC_006_LoginDDT_with_Apachi_poi@5ab9e72c]" name="tearDown" is-config="true" duration-ms="751" started-at="2020-09-04T13:08:44 IST" finished-at="2020-09-04T13:08:45 IST">
          <reporter-output>
          </reporter-output>
        </test-method> <!-- tearDown -->
      </class> <!-- app.nopcommerce.testCases.TC_006_LoginDDT_with_Apachi_poi -->
      <class name="app.nopcommerce.testCases.TC_005_SearchCustomerByName">
        <test-method status="PASS" signature="setup(java.lang.String)[pri:0, instance:app.nopcommerce.testCases.TC_005_SearchCustomerByName@2a266d09]" name="setup" is-config="true" duration-ms="3694" started-at="2020-09-04T13:07:40 IST" finished-at="2020-09-04T13:07:43 IST">
          <params>
            <param index="0">
              <value>
                <![CDATA[chrome]]>
              </value>
            </param>
          </params>
          <reporter-output>
          </reporter-output>
        </test-method> <!-- setup -->
        <test-method status="FAIL" signature="searchCustomerbyName()[pri:0, instance:app.nopcommerce.testCases.TC_005_SearchCustomerByName@2a266d09]" name="searchCustomerbyName" duration-ms="15171" started-at="2020-09-04T13:07:43 IST" finished-at="2020-09-04T13:07:59 IST">
          <exception class="java.lang.AssertionError">
            <message>
              <![CDATA[expected [true] but found [false]]]>
            </message>
            <full-stacktrace>
              <![CDATA[java.lang.AssertionError: expected [true] but found [false]
at org.testng.Assert.fail(Assert.java:97)
at org.testng.Assert.failNotEquals(Assert.java:969)
at org.testng.Assert.assertTrue(Assert.java:43)
at org.testng.Assert.assertTrue(Assert.java:53)
at app.nopcommerce.testCases.TC_005_SearchCustomerByName.searchCustomerbyName(TC_005_SearchCustomerByName.java:46)
at sun.reflect.NativeMethodAccessorImpl.invoke0(Native Method)
at sun.reflect.NativeMethodAccessorImpl.invoke(NativeMethodAccessorImpl.java:62)
at sun.reflect.DelegatingMethodAccessorImpl.invoke(DelegatingMethodAccessorImpl.java:43)
at java.lang.reflect.Method.invoke(Method.java:498)
at org.testng.internal.MethodInvocationHelper.invokeMethod(MethodInvocationHelper.java:134)
at org.testng.internal.TestInvoker.invokeMethod(TestInvoker.java:597)
at org.testng.internal.TestInvoker.invokeTestMethod(TestInvoker.java:173)
at org.testng.internal.MethodRunner.runInSequence(MethodRunner.java:46)
at org.testng.internal.TestInvoker$MethodInvocationAgent.invoke(TestInvoker.java:816)
at org.testng.internal.TestInvoker.invokeTestMethods(TestInvoker.java:146)
at org.testng.internal.TestMethodWorker.invokeTestMethods(TestMethodWorker.java:146)
at org.testng.internal.TestMethodWorker.run(TestMethodWorker.java:128)
at java.util.ArrayList.forEach(ArrayList.java:1257)
at org.testng.TestRunner.privateRun(TestRunner.java:766)
at org.testng.TestRunner.run(TestRunner.java:587)
at org.testng.SuiteRunner.runTest(SuiteRunner.java:384)
at org.testng.SuiteRunner.runSequentially(SuiteRunner.java:378)
at org.testng.SuiteRunner.privateRun(SuiteRunner.java:337)
at org.testng.SuiteRunner.run(SuiteRunner.java:286)
at org.testng.SuiteRunnerWorker.runSuite(SuiteRunnerWorker.java:53)
at org.testng.SuiteRunnerWorker.run(SuiteRunnerWorker.java:96)
at org.testng.TestNG.runSuitesSequentially(TestNG.java:1187)
at org.testng.TestNG.runSuitesLocally(TestNG.java:1109)
at org.testng.TestNG.runSuites(TestNG.java:1039)
at org.testng.TestNG.run(TestNG.java:1007)
at org.testng.remote.AbstractRemoteTestNG.run(AbstractRemoteTestNG.java:115)
at org.testng.remote.RemoteTestNG.initAndRun(RemoteTestNG.java:251)
at org.testng.remote.RemoteTestNG.main(RemoteTestNG.java:77)
]]>
            </full-stacktrace>
          </exception> <!-- java.lang.AssertionError -->
          <reporter-output>
          </reporter-output>
        </test-method> <!-- searchCustomerbyName -->
        <test-method status="PASS" signature="tearDown()[pri:0, instance:app.nopcommerce.testCases.TC_005_SearchCustomerByName@2a266d09]" name="tearDown" is-config="true" duration-ms="604" started-at="2020-09-04T13:07:59 IST" finished-at="2020-09-04T13:07:59 IST">
          <reporter-output>
          </reporter-output>
        </test-method> <!-- tearDown -->
      </class> <!-- app.nopcommerce.testCases.TC_005_SearchCustomerByName -->
      <class name="app.nopcommerce.testCases.TC_003_AddCustomerTest">
        <test-method status="PASS" signature="setup(java.lang.String)[pri:0, instance:app.nopcommerce.testCases.TC_003_AddCustomerTest@568ff82]" name="setup" is-config="true" duration-ms="3663" started-at="2020-09-04T13:06:50 IST" finished-at="2020-09-04T13:06:53 IST">
          <params>
            <param index="0">
              <value>
                <![CDATA[chrome]]>
              </value>
            </param>
          </params>
          <reporter-output>
          </reporter-output>
        </test-method> <!-- setup -->
        <test-method status="PASS" signature="addNewCustomer()[pri:0, instance:app.nopcommerce.testCases.TC_003_AddCustomerTest@568ff82]" name="addNewCustomer" duration-ms="29853" started-at="2020-09-04T13:06:53 IST" finished-at="2020-09-04T13:07:23 IST">
          <reporter-output>
          </reporter-output>
        </test-method> <!-- addNewCustomer -->
        <test-method status="PASS" signature="tearDown()[pri:0, instance:app.nopcommerce.testCases.TC_003_AddCustomerTest@568ff82]" name="tearDown" is-config="true" duration-ms="750" started-at="2020-09-04T13:07:23 IST" finished-at="2020-09-04T13:07:24 IST">
          <reporter-output>
          </reporter-output>
        </test-method> <!-- tearDown -->
      </class> <!-- app.nopcommerce.testCases.TC_003_AddCustomerTest -->
    </test> <!-- chromeTest -->
  </suite> <!-- nopCommerceApp -->
</testng-results>
